2019-03-26 20:58:50,186 [INFO] from play.api.db.DefaultDBApi in play-dev-mode-akka.actor.default-dispatcher-3 - Database [default] initialized at jdbc:h2:file:./data/productsDB
2019-03-26 20:58:50,208 [INFO] from application in play-dev-mode-akka.actor.default-dispatcher-3 - Creating Pool for datasource 'default'
2019-03-26 20:58:54,445 [WARN] from io.ebeaninternal.server.deploy.parse.DeployCreateProperties in play-dev-mode-akka.actor.default-dispatcher-3 - Huh??? property models.Apartment.id being defined twice but replaced property was not transient? This is not expected?
2019-03-26 20:58:54,563 [WARN] from io.ebeaninternal.server.deploy.BeanDescriptorManager in play-dev-mode-akka.actor.default-dispatcher-3 - Bean [models.rent.RentDue] has no unique id set
2019-03-26 20:58:55,787 [INFO] from application in play-dev-mode-akka.actor.default-dispatcher-3 - ApplicationTimer demo: Starting application at 2019-03-26T20:58:55.780Z
2019-03-26 20:58:57,236 [WARN] from org.hibernate.validator.messageinterpolation.ParameterMessageInterpolator in play-dev-mode-akka.actor.default-dispatcher-3 - HV000184: ParameterMessageInterpolator has been chosen, EL interpolation will not be supported
2019-03-26 20:58:58,323 [INFO] from play.api.http.EnabledFilters in play-dev-mode-akka.actor.default-dispatcher-3 - Enabled Filters (see <https://www.playframework.com/documentation/latest/Filters>):

    play.filters.csrf.CSRFFilter
    play.filters.headers.SecurityHeadersFilter
    play.filters.hosts.AllowedHostsFilter
    filters.ExampleFilter

2019-03-26 20:58:58,374 [INFO] from play.api.Play in play-dev-mode-akka.actor.default-dispatcher-3 - Application started (Dev)
2019-03-27 09:05:57,371 [INFO] from application in application-akka.actor.default-dispatcher-2 - ApplicationTimer demo: Stopping application at 2019-03-27T09:05:57.371Z after 43622s.
2019-03-27 09:05:57,379 [INFO] from application in application-akka.actor.default-dispatcher-2 - Shutting down connection pool.
2019-03-27 09:05:58,139 [INFO] from play.api.db.DefaultDBApi in play-dev-mode-akka.actor.default-dispatcher-2 - Database [default] initialized at jdbc:h2:file:./data/productsDB
2019-03-27 09:05:58,144 [INFO] from application in play-dev-mode-akka.actor.default-dispatcher-2 - Creating Pool for datasource 'default'
2019-03-27 09:05:58,480 [WARN] from io.ebeaninternal.server.deploy.parse.DeployCreateProperties in play-dev-mode-akka.actor.default-dispatcher-2 - Huh??? property models.Apartment.id being defined twice but replaced property was not transient? This is not expected?
2019-03-27 09:05:58,503 [WARN] from io.ebeaninternal.server.deploy.BeanDescriptorManager in play-dev-mode-akka.actor.default-dispatcher-2 - Bean [models.rent.RentDue] has no unique id set
2019-03-27 09:05:58,593 [INFO] from application in play-dev-mode-akka.actor.default-dispatcher-2 - ApplicationTimer demo: Starting application at 2019-03-27T09:05:58.593Z
2019-03-27 09:05:58,678 [WARN] from org.hibernate.validator.messageinterpolation.ParameterMessageInterpolator in play-dev-mode-akka.actor.default-dispatcher-2 - HV000184: ParameterMessageInterpolator has been chosen, EL interpolation will not be supported
2019-03-27 09:05:58,939 [INFO] from play.api.http.EnabledFilters in play-dev-mode-akka.actor.default-dispatcher-2 - Enabled Filters (see <https://www.playframework.com/documentation/latest/Filters>):

    play.filters.csrf.CSRFFilter
    play.filters.headers.SecurityHeadersFilter
    play.filters.hosts.AllowedHostsFilter
    filters.ExampleFilter

2019-03-27 09:05:58,940 [INFO] from play.api.Play in play-dev-mode-akka.actor.default-dispatcher-2 - Application started (Dev)
2019-03-27 09:06:36,865 [INFO] from application in application-akka.actor.default-dispatcher-11 - ApplicationTimer demo: Stopping application at 2019-03-27T09:06:36.865Z after 38s.
2019-03-27 09:06:36,866 [INFO] from application in application-akka.actor.default-dispatcher-11 - Shutting down connection pool.
2019-03-27 09:06:37,623 [INFO] from play.api.db.DefaultDBApi in play-dev-mode-akka.actor.default-dispatcher-8 - Database [default] initialized at jdbc:h2:file:./data/productsDB
2019-03-27 09:06:37,626 [INFO] from application in play-dev-mode-akka.actor.default-dispatcher-8 - Creating Pool for datasource 'default'
2019-03-27 09:06:37,843 [WARN] from io.ebeaninternal.server.deploy.parse.DeployCreateProperties in play-dev-mode-akka.actor.default-dispatcher-8 - Huh??? property models.Apartment.id being defined twice but replaced property was not transient? This is not expected?
2019-03-27 09:06:37,855 [WARN] from io.ebeaninternal.server.deploy.BeanDescriptorManager in play-dev-mode-akka.actor.default-dispatcher-8 - Bean [models.rent.RentDue] has no unique id set
2019-03-27 09:06:37,943 [INFO] from application in play-dev-mode-akka.actor.default-dispatcher-8 - ApplicationTimer demo: Starting application at 2019-03-27T09:06:37.943Z
2019-03-27 09:06:38,023 [WARN] from org.hibernate.validator.messageinterpolation.ParameterMessageInterpolator in play-dev-mode-akka.actor.default-dispatcher-8 - HV000184: ParameterMessageInterpolator has been chosen, EL interpolation will not be supported
2019-03-27 09:06:38,374 [INFO] from play.api.http.EnabledFilters in play-dev-mode-akka.actor.default-dispatcher-8 - Enabled Filters (see <https://www.playframework.com/documentation/latest/Filters>):

    play.filters.csrf.CSRFFilter
    play.filters.headers.SecurityHeadersFilter
    play.filters.hosts.AllowedHostsFilter
    filters.ExampleFilter

2019-03-27 09:06:38,377 [INFO] from play.api.Play in play-dev-mode-akka.actor.default-dispatcher-8 - Application started (Dev)
2019-03-27 09:15:32,211 [ERROR] from application in play-dev-mode-akka.actor.default-dispatcher-12 - 

! @7bbblmnn4 - Internal server error, for (GET) [/database] ->
 
play.sbt.PlayExceptions$CompilationException: Compilation error[identifier expected but $XMLSTART$< found.]
	at play.sbt.PlayExceptions$CompilationException$.apply(PlayExceptions.scala:34)
	at play.sbt.PlayExceptions$CompilationException$.apply(PlayExceptions.scala:34)
	at scala.Option.map(Option.scala:146)
	at play.sbt.run.PlayReload$.$anonfun$taskFailureHandler$1(PlayReload.scala:33)
	at scala.Option.map(Option.scala:146)
	at play.sbt.run.PlayReload$.taskFailureHandler(PlayReload.scala:28)
	at play.sbt.run.PlayReload$.compileFailure(PlayReload.scala:24)
	at play.sbt.run.PlayReload$.$anonfun$compile$3(PlayReload.scala:51)
	at scala.util.Either$LeftProjection.map(Either.scala:573)
	at play.sbt.run.PlayReload$.compile(PlayReload.scala:51)
	at play.sbt.run.PlayRun$.$anonfun$playRunTask$4(PlayRun.scala:76)
	at play.runsupport.Reloader.$anonfun$reload$1(Reloader.scala:412)
	at play.runsupport.Reloader$$anon$5.run(Reloader.scala:50)
	at java.security.AccessController.doPrivileged(Native Method)
	at play.runsupport.Reloader$.play$runsupport$Reloader$$withReloaderContextClassLoader(Reloader.scala:55)
	at play.runsupport.Reloader.reload(Reloader.scala:412)
	at play.core.server.DevServerStart$$anon$1.get(DevServerStart.scala:123)
	at play.core.server.AkkaHttpServer.handleRequest(AkkaHttpServer.scala:241)
	at play.core.server.AkkaHttpServer.$anonfun$createServerBinding$1(AkkaHttpServer.scala:138)
	at akka.stream.impl.fusing.MapAsyncUnordered$$anon$26.onPush(Ops.scala:1304)
	at akka.stream.impl.fusing.GraphInterpreter.processPush(GraphInterpreter.scala:519)
	at akka.stream.impl.fusing.GraphInterpreter.processEvent(GraphInterpreter.scala:482)
	at akka.stream.impl.fusing.GraphInterpreter.execute(GraphInterpreter.scala:378)
	at akka.stream.impl.fusing.GraphInterpreterShell.runBatch(ActorGraphInterpreter.scala:588)
	at akka.stream.impl.fusing.GraphInterpreterShell$AsyncInput.execute(ActorGraphInterpreter.scala:472)
	at akka.stream.impl.fusing.GraphInterpreterShell.processEvent(ActorGraphInterpreter.scala:563)
	at akka.stream.impl.fusing.ActorGraphInterpreter.akka$stream$impl$fusing$ActorGraphInterpreter$$processEvent(ActorGraphInterpreter.scala:745)
	at akka.stream.impl.fusing.ActorGraphInterpreter$$anonfun$receive$1.applyOrElse(ActorGraphInterpreter.scala:760)
	at akka.actor.Actor.aroundReceive(Actor.scala:517)
	at akka.actor.Actor.aroundReceive$(Actor.scala:515)
	at akka.stream.impl.fusing.ActorGraphInterpreter.aroundReceive(ActorGraphInterpreter.scala:670)
	at akka.actor.ActorCell.receiveMessage(ActorCell.scala:588)
	at akka.actor.ActorCell.invoke(ActorCell.scala:557)
	at akka.dispatch.Mailbox.processMailbox(Mailbox.scala:258)
	at akka.dispatch.Mailbox.run(Mailbox.scala:225)
	at akka.dispatch.Mailbox.exec(Mailbox.scala:235)
	at akka.dispatch.forkjoin.ForkJoinTask.doExec(ForkJoinTask.java:260)
	at akka.dispatch.forkjoin.ForkJoinPool$WorkQueue.runTask(ForkJoinPool.java:1339)
	at akka.dispatch.forkjoin.ForkJoinPool.runWorker(ForkJoinPool.java:1979)
	at akka.dispatch.forkjoin.ForkJoinWorkerThread.run(ForkJoinWorkerThread.java:107)
2019-03-27 09:16:05,345 [ERROR] from application in play-dev-mode-akka.actor.default-dispatcher-14 - 

! @7bbblol6g - Internal server error, for (GET) [/database] ->
 
play.sbt.PlayExceptions$CompilationException: Compilation error[')' expected but '<-' found.]
	at play.sbt.PlayExceptions$CompilationException$.apply(PlayExceptions.scala:34)
	at play.sbt.PlayExceptions$CompilationException$.apply(PlayExceptions.scala:34)
	at scala.Option.map(Option.scala:146)
	at play.sbt.run.PlayReload$.$anonfun$taskFailureHandler$1(PlayReload.scala:33)
	at scala.Option.map(Option.scala:146)
	at play.sbt.run.PlayReload$.taskFailureHandler(PlayReload.scala:28)
	at play.sbt.run.PlayReload$.compileFailure(PlayReload.scala:24)
	at play.sbt.run.PlayReload$.$anonfun$compile$3(PlayReload.scala:51)
	at scala.util.Either$LeftProjection.map(Either.scala:573)
	at play.sbt.run.PlayReload$.compile(PlayReload.scala:51)
	at play.sbt.run.PlayRun$.$anonfun$playRunTask$4(PlayRun.scala:76)
	at play.runsupport.Reloader.$anonfun$reload$1(Reloader.scala:412)
	at play.runsupport.Reloader$$anon$5.run(Reloader.scala:50)
	at java.security.AccessController.doPrivileged(Native Method)
	at play.runsupport.Reloader$.play$runsupport$Reloader$$withReloaderContextClassLoader(Reloader.scala:55)
	at play.runsupport.Reloader.reload(Reloader.scala:412)
	at play.core.server.DevServerStart$$anon$1.get(DevServerStart.scala:123)
	at play.core.server.AkkaHttpServer.handleRequest(AkkaHttpServer.scala:241)
	at play.core.server.AkkaHttpServer.$anonfun$createServerBinding$1(AkkaHttpServer.scala:138)
	at akka.stream.impl.fusing.MapAsyncUnordered$$anon$26.onPush(Ops.scala:1304)
	at akka.stream.impl.fusing.GraphInterpreter.processPush(GraphInterpreter.scala:519)
	at akka.stream.impl.fusing.GraphInterpreter.processEvent(GraphInterpreter.scala:482)
	at akka.stream.impl.fusing.GraphInterpreter.execute(GraphInterpreter.scala:378)
	at akka.stream.impl.fusing.GraphInterpreterShell.runBatch(ActorGraphInterpreter.scala:588)
	at akka.stream.impl.fusing.GraphInterpreterShell$AsyncInput.execute(ActorGraphInterpreter.scala:472)
	at akka.stream.impl.fusing.GraphInterpreterShell.processEvent(ActorGraphInterpreter.scala:563)
	at akka.stream.impl.fusing.ActorGraphInterpreter.akka$stream$impl$fusing$ActorGraphInterpreter$$processEvent(ActorGraphInterpreter.scala:745)
	at akka.stream.impl.fusing.ActorGraphInterpreter$$anonfun$receive$1.applyOrElse(ActorGraphInterpreter.scala:760)
	at akka.actor.Actor.aroundReceive(Actor.scala:517)
	at akka.actor.Actor.aroundReceive$(Actor.scala:515)
	at akka.stream.impl.fusing.ActorGraphInterpreter.aroundReceive(ActorGraphInterpreter.scala:670)
	at akka.actor.ActorCell.receiveMessage(ActorCell.scala:588)
	at akka.actor.ActorCell.invoke(ActorCell.scala:557)
	at akka.dispatch.Mailbox.processMailbox(Mailbox.scala:258)
	at akka.dispatch.Mailbox.run(Mailbox.scala:225)
	at akka.dispatch.Mailbox.exec(Mailbox.scala:235)
	at akka.dispatch.forkjoin.ForkJoinTask.doExec(ForkJoinTask.java:260)
	at akka.dispatch.forkjoin.ForkJoinPool$WorkQueue.runTask(ForkJoinPool.java:1339)
	at akka.dispatch.forkjoin.ForkJoinPool.runWorker(ForkJoinPool.java:1979)
	at akka.dispatch.forkjoin.ForkJoinWorkerThread.run(ForkJoinWorkerThread.java:107)
2019-03-27 09:16:38,380 [ERROR] from application in play-dev-mode-akka.actor.default-dispatcher-14 - 

! @7bbbm0i3h - Internal server error, for (GET) [/database] ->
 
play.sbt.PlayExceptions$CompilationException: Compilation error[')' expected but '<-' found.]
	at play.sbt.PlayExceptions$CompilationException$.apply(PlayExceptions.scala:34)
	at play.sbt.PlayExceptions$CompilationException$.apply(PlayExceptions.scala:34)
	at scala.Option.map(Option.scala:146)
	at play.sbt.run.PlayReload$.$anonfun$taskFailureHandler$1(PlayReload.scala:33)
	at scala.Option.map(Option.scala:146)
	at play.sbt.run.PlayReload$.taskFailureHandler(PlayReload.scala:28)
	at play.sbt.run.PlayReload$.compileFailure(PlayReload.scala:24)
	at play.sbt.run.PlayReload$.$anonfun$compile$3(PlayReload.scala:51)
	at scala.util.Either$LeftProjection.map(Either.scala:573)
	at play.sbt.run.PlayReload$.compile(PlayReload.scala:51)
	at play.sbt.run.PlayRun$.$anonfun$playRunTask$4(PlayRun.scala:76)
	at play.runsupport.Reloader.$anonfun$reload$1(Reloader.scala:412)
	at play.runsupport.Reloader$$anon$5.run(Reloader.scala:50)
	at java.security.AccessController.doPrivileged(Native Method)
	at play.runsupport.Reloader$.play$runsupport$Reloader$$withReloaderContextClassLoader(Reloader.scala:55)
	at play.runsupport.Reloader.reload(Reloader.scala:412)
	at play.core.server.DevServerStart$$anon$1.get(DevServerStart.scala:123)
	at play.core.server.AkkaHttpServer.handleRequest(AkkaHttpServer.scala:241)
	at play.core.server.AkkaHttpServer.$anonfun$createServerBinding$1(AkkaHttpServer.scala:138)
	at akka.stream.impl.fusing.MapAsyncUnordered$$anon$26.onPush(Ops.scala:1304)
	at akka.stream.impl.fusing.GraphInterpreter.processPush(GraphInterpreter.scala:519)
	at akka.stream.impl.fusing.GraphInterpreter.processEvent(GraphInterpreter.scala:482)
	at akka.stream.impl.fusing.GraphInterpreter.execute(GraphInterpreter.scala:378)
	at akka.stream.impl.fusing.GraphInterpreterShell.runBatch(ActorGraphInterpreter.scala:588)
	at akka.stream.impl.fusing.GraphInterpreterShell$AsyncInput.execute(ActorGraphInterpreter.scala:472)
	at akka.stream.impl.fusing.GraphInterpreterShell.processEvent(ActorGraphInterpreter.scala:563)
	at akka.stream.impl.fusing.ActorGraphInterpreter.akka$stream$impl$fusing$ActorGraphInterpreter$$processEvent(ActorGraphInterpreter.scala:745)
	at akka.stream.impl.fusing.ActorGraphInterpreter$$anonfun$receive$1.applyOrElse(ActorGraphInterpreter.scala:760)
	at akka.actor.Actor.aroundReceive(Actor.scala:517)
	at akka.actor.Actor.aroundReceive$(Actor.scala:515)
	at akka.stream.impl.fusing.ActorGraphInterpreter.aroundReceive(ActorGraphInterpreter.scala:670)
	at akka.actor.ActorCell.receiveMessage(ActorCell.scala:588)
	at akka.actor.ActorCell.invoke(ActorCell.scala:557)
	at akka.dispatch.Mailbox.processMailbox(Mailbox.scala:258)
	at akka.dispatch.Mailbox.run(Mailbox.scala:225)
	at akka.dispatch.Mailbox.exec(Mailbox.scala:235)
	at akka.dispatch.forkjoin.ForkJoinTask.doExec(ForkJoinTask.java:260)
	at akka.dispatch.forkjoin.ForkJoinPool$WorkQueue.runTask(ForkJoinPool.java:1339)
	at akka.dispatch.forkjoin.ForkJoinPool.runWorker(ForkJoinPool.java:1979)
	at akka.dispatch.forkjoin.ForkJoinWorkerThread.run(ForkJoinWorkerThread.java:107)
2019-03-27 09:16:50,557 [ERROR] from application in play-dev-mode-akka.actor.default-dispatcher-13 - 

! @7bbbm1a3h - Internal server error, for (GET) [/database] ->
 
play.sbt.PlayExceptions$CompilationException: Compilation error[')' expected but '<-' found.]
	at play.sbt.PlayExceptions$CompilationException$.apply(PlayExceptions.scala:34)
	at play.sbt.PlayExceptions$CompilationException$.apply(PlayExceptions.scala:34)
	at scala.Option.map(Option.scala:146)
	at play.sbt.run.PlayReload$.$anonfun$taskFailureHandler$1(PlayReload.scala:33)
	at scala.Option.map(Option.scala:146)
	at play.sbt.run.PlayReload$.taskFailureHandler(PlayReload.scala:28)
	at play.sbt.run.PlayReload$.compileFailure(PlayReload.scala:24)
	at play.sbt.run.PlayReload$.$anonfun$compile$3(PlayReload.scala:51)
	at scala.util.Either$LeftProjection.map(Either.scala:573)
	at play.sbt.run.PlayReload$.compile(PlayReload.scala:51)
	at play.sbt.run.PlayRun$.$anonfun$playRunTask$4(PlayRun.scala:76)
	at play.runsupport.Reloader.$anonfun$reload$1(Reloader.scala:412)
	at play.runsupport.Reloader$$anon$5.run(Reloader.scala:50)
	at java.security.AccessController.doPrivileged(Native Method)
	at play.runsupport.Reloader$.play$runsupport$Reloader$$withReloaderContextClassLoader(Reloader.scala:55)
	at play.runsupport.Reloader.reload(Reloader.scala:412)
	at play.core.server.DevServerStart$$anon$1.get(DevServerStart.scala:123)
	at play.core.server.AkkaHttpServer.handleRequest(AkkaHttpServer.scala:241)
	at play.core.server.AkkaHttpServer.$anonfun$createServerBinding$1(AkkaHttpServer.scala:138)
	at akka.stream.impl.fusing.MapAsyncUnordered$$anon$26.onPush(Ops.scala:1304)
	at akka.stream.impl.fusing.GraphInterpreter.processPush(GraphInterpreter.scala:519)
	at akka.stream.impl.fusing.GraphInterpreter.processEvent(GraphInterpreter.scala:482)
	at akka.stream.impl.fusing.GraphInterpreter.execute(GraphInterpreter.scala:378)
	at akka.stream.impl.fusing.GraphInterpreterShell.runBatch(ActorGraphInterpreter.scala:588)
	at akka.stream.impl.fusing.GraphInterpreterShell$AsyncInput.execute(ActorGraphInterpreter.scala:472)
	at akka.stream.impl.fusing.GraphInterpreterShell.processEvent(ActorGraphInterpreter.scala:563)
	at akka.stream.impl.fusing.ActorGraphInterpreter.akka$stream$impl$fusing$ActorGraphInterpreter$$processEvent(ActorGraphInterpreter.scala:745)
	at akka.stream.impl.fusing.ActorGraphInterpreter$$anonfun$receive$1.applyOrElse(ActorGraphInterpreter.scala:760)
	at akka.actor.Actor.aroundReceive(Actor.scala:517)
	at akka.actor.Actor.aroundReceive$(Actor.scala:515)
	at akka.stream.impl.fusing.ActorGraphInterpreter.aroundReceive(ActorGraphInterpreter.scala:670)
	at akka.actor.ActorCell.receiveMessage(ActorCell.scala:588)
	at akka.actor.ActorCell.invoke(ActorCell.scala:557)
	at akka.dispatch.Mailbox.processMailbox(Mailbox.scala:258)
	at akka.dispatch.Mailbox.run(Mailbox.scala:225)
	at akka.dispatch.Mailbox.exec(Mailbox.scala:235)
	at akka.dispatch.forkjoin.ForkJoinTask.doExec(ForkJoinTask.java:260)
	at akka.dispatch.forkjoin.ForkJoinPool$WorkQueue.runTask(ForkJoinPool.java:1339)
	at akka.dispatch.forkjoin.ForkJoinPool.runWorker(ForkJoinPool.java:1979)
	at akka.dispatch.forkjoin.ForkJoinWorkerThread.run(ForkJoinWorkerThread.java:107)
2019-03-27 09:18:43,079 [ERROR] from application in play-dev-mode-akka.actor.default-dispatcher-17 - 

! @7bbbm7kfi - Internal server error, for (GET) [/database] ->
 
play.sbt.PlayExceptions$CompilationException: Compilation error[Expected '}' but found 'EOF']
	at play.sbt.PlayExceptions$CompilationException$.apply(PlayExceptions.scala:34)
	at play.sbt.PlayExceptions$CompilationException$.apply(PlayExceptions.scala:34)
	at scala.Option.map(Option.scala:146)
	at play.sbt.run.PlayReload$.$anonfun$taskFailureHandler$1(PlayReload.scala:33)
	at scala.Option.map(Option.scala:146)
	at play.sbt.run.PlayReload$.taskFailureHandler(PlayReload.scala:28)
	at play.sbt.run.PlayReload$.compileFailure(PlayReload.scala:24)
	at play.sbt.run.PlayReload$.$anonfun$compile$3(PlayReload.scala:51)
	at scala.util.Either$LeftProjection.map(Either.scala:573)
	at play.sbt.run.PlayReload$.compile(PlayReload.scala:51)
	at play.sbt.run.PlayRun$.$anonfun$playRunTask$4(PlayRun.scala:76)
	at play.runsupport.Reloader.$anonfun$reload$1(Reloader.scala:412)
	at play.runsupport.Reloader$$anon$5.run(Reloader.scala:50)
	at java.security.AccessController.doPrivileged(Native Method)
	at play.runsupport.Reloader$.play$runsupport$Reloader$$withReloaderContextClassLoader(Reloader.scala:55)
	at play.runsupport.Reloader.reload(Reloader.scala:412)
	at play.core.server.DevServerStart$$anon$1.get(DevServerStart.scala:123)
	at play.core.server.AkkaHttpServer.handleRequest(AkkaHttpServer.scala:241)
	at play.core.server.AkkaHttpServer.$anonfun$createServerBinding$1(AkkaHttpServer.scala:138)
	at akka.stream.impl.fusing.MapAsyncUnordered$$anon$26.onPush(Ops.scala:1304)
	at akka.stream.impl.fusing.GraphInterpreter.processPush(GraphInterpreter.scala:519)
	at akka.stream.impl.fusing.GraphInterpreter.processEvent(GraphInterpreter.scala:482)
	at akka.stream.impl.fusing.GraphInterpreter.execute(GraphInterpreter.scala:378)
	at akka.stream.impl.fusing.GraphInterpreterShell.runBatch(ActorGraphInterpreter.scala:588)
	at akka.stream.impl.fusing.GraphInterpreterShell$AsyncInput.execute(ActorGraphInterpreter.scala:472)
	at akka.stream.impl.fusing.GraphInterpreterShell.processEvent(ActorGraphInterpreter.scala:563)
	at akka.stream.impl.fusing.ActorGraphInterpreter.akka$stream$impl$fusing$ActorGraphInterpreter$$processEvent(ActorGraphInterpreter.scala:745)
	at akka.stream.impl.fusing.ActorGraphInterpreter$$anonfun$receive$1.applyOrElse(ActorGraphInterpreter.scala:760)
	at akka.actor.Actor.aroundReceive(Actor.scala:517)
	at akka.actor.Actor.aroundReceive$(Actor.scala:515)
	at akka.stream.impl.fusing.ActorGraphInterpreter.aroundReceive(ActorGraphInterpreter.scala:670)
	at akka.actor.ActorCell.receiveMessage(ActorCell.scala:588)
	at akka.actor.ActorCell.invoke(ActorCell.scala:557)
	at akka.dispatch.Mailbox.processMailbox(Mailbox.scala:258)
	at akka.dispatch.Mailbox.run(Mailbox.scala:225)
	at akka.dispatch.Mailbox.exec(Mailbox.scala:235)
	at akka.dispatch.forkjoin.ForkJoinTask.doExec(ForkJoinTask.java:260)
	at akka.dispatch.forkjoin.ForkJoinPool$WorkQueue.runTask(ForkJoinPool.java:1339)
	at akka.dispatch.forkjoin.ForkJoinPool.runWorker(ForkJoinPool.java:1979)
	at akka.dispatch.forkjoin.ForkJoinWorkerThread.run(ForkJoinWorkerThread.java:107)
2019-03-27 09:19:20,404 [ERROR] from application in play-dev-mode-akka.actor.default-dispatcher-16 - 

! @7bbbm9nlc - Internal server error, for (GET) [/database] ->
 
play.sbt.PlayExceptions$CompilationException: Compilation error[type Apartments is not a member of package models]
	at play.sbt.PlayExceptions$CompilationException$.apply(PlayExceptions.scala:34)
	at play.sbt.PlayExceptions$CompilationException$.apply(PlayExceptions.scala:34)
	at scala.Option.map(Option.scala:146)
	at play.sbt.run.PlayReload$.$anonfun$taskFailureHandler$1(PlayReload.scala:33)
	at scala.Option.map(Option.scala:146)
	at play.sbt.run.PlayReload$.taskFailureHandler(PlayReload.scala:28)
	at play.sbt.run.PlayReload$.compileFailure(PlayReload.scala:24)
	at play.sbt.run.PlayReload$.$anonfun$compile$3(PlayReload.scala:51)
	at scala.util.Either$LeftProjection.map(Either.scala:573)
	at play.sbt.run.PlayReload$.compile(PlayReload.scala:51)
	at play.sbt.run.PlayRun$.$anonfun$playRunTask$4(PlayRun.scala:76)
	at play.runsupport.Reloader.$anonfun$reload$1(Reloader.scala:412)
	at play.runsupport.Reloader$$anon$5.run(Reloader.scala:50)
	at java.security.AccessController.doPrivileged(Native Method)
	at play.runsupport.Reloader$.play$runsupport$Reloader$$withReloaderContextClassLoader(Reloader.scala:55)
	at play.runsupport.Reloader.reload(Reloader.scala:412)
	at play.core.server.DevServerStart$$anon$1.get(DevServerStart.scala:123)
	at play.core.server.AkkaHttpServer.handleRequest(AkkaHttpServer.scala:241)
	at play.core.server.AkkaHttpServer.$anonfun$createServerBinding$1(AkkaHttpServer.scala:138)
	at akka.stream.impl.fusing.MapAsyncUnordered$$anon$26.onPush(Ops.scala:1304)
	at akka.stream.impl.fusing.GraphInterpreter.processPush(GraphInterpreter.scala:519)
	at akka.stream.impl.fusing.GraphInterpreter.processEvent(GraphInterpreter.scala:482)
	at akka.stream.impl.fusing.GraphInterpreter.execute(GraphInterpreter.scala:378)
	at akka.stream.impl.fusing.GraphInterpreterShell.runBatch(ActorGraphInterpreter.scala:588)
	at akka.stream.impl.fusing.GraphInterpreterShell$AsyncInput.execute(ActorGraphInterpreter.scala:472)
	at akka.stream.impl.fusing.GraphInterpreterShell.processEvent(ActorGraphInterpreter.scala:563)
	at akka.stream.impl.fusing.ActorGraphInterpreter.akka$stream$impl$fusing$ActorGraphInterpreter$$processEvent(ActorGraphInterpreter.scala:745)
	at akka.stream.impl.fusing.ActorGraphInterpreter$$anonfun$receive$1.applyOrElse(ActorGraphInterpreter.scala:760)
	at akka.actor.Actor.aroundReceive(Actor.scala:517)
	at akka.actor.Actor.aroundReceive$(Actor.scala:515)
	at akka.stream.impl.fusing.ActorGraphInterpreter.aroundReceive(ActorGraphInterpreter.scala:670)
	at akka.actor.ActorCell.receiveMessage(ActorCell.scala:588)
	at akka.actor.ActorCell.invoke(ActorCell.scala:557)
	at akka.dispatch.Mailbox.processMailbox(Mailbox.scala:258)
	at akka.dispatch.Mailbox.run(Mailbox.scala:225)
	at akka.dispatch.Mailbox.exec(Mailbox.scala:235)
	at akka.dispatch.forkjoin.ForkJoinTask.doExec(ForkJoinTask.java:260)
	at akka.dispatch.forkjoin.ForkJoinPool$WorkQueue.runTask(ForkJoinPool.java:1339)
	at akka.dispatch.forkjoin.ForkJoinPool.runWorker(ForkJoinPool.java:1979)
	at akka.dispatch.forkjoin.ForkJoinWorkerThread.run(ForkJoinWorkerThread.java:107)
2019-03-27 09:22:30,464 [ERROR] from application in play-dev-mode-akka.actor.default-dispatcher-15 - 

! @7bbbmkip2 - Internal server error, for (GET) [/database] ->
 
play.sbt.PlayExceptions$CompilationException: Compilation error[method render in class views.html.database cannot be applied to given types;
  required: java.util.List<models.Houses>,java.util.List<models.Apartment>,models.users.User,play.api.Environment
  found: java.util.List<models.Houses>,models.users.User,play.api.Environment
  reason: actual and formal argument lists differ in length]
	at play.sbt.PlayExceptions$CompilationException$.apply(PlayExceptions.scala:34)
	at play.sbt.PlayExceptions$CompilationException$.apply(PlayExceptions.scala:34)
	at scala.Option.map(Option.scala:146)
	at play.sbt.run.PlayReload$.$anonfun$taskFailureHandler$1(PlayReload.scala:33)
	at scala.Option.map(Option.scala:146)
	at play.sbt.run.PlayReload$.taskFailureHandler(PlayReload.scala:28)
	at play.sbt.run.PlayReload$.compileFailure(PlayReload.scala:24)
	at play.sbt.run.PlayReload$.$anonfun$compile$3(PlayReload.scala:51)
	at scala.util.Either$LeftProjection.map(Either.scala:573)
	at play.sbt.run.PlayReload$.compile(PlayReload.scala:51)
	at play.sbt.run.PlayRun$.$anonfun$playRunTask$4(PlayRun.scala:76)
	at play.runsupport.Reloader.$anonfun$reload$1(Reloader.scala:412)
	at play.runsupport.Reloader$$anon$5.run(Reloader.scala:50)
	at java.security.AccessController.doPrivileged(Native Method)
	at play.runsupport.Reloader$.play$runsupport$Reloader$$withReloaderContextClassLoader(Reloader.scala:55)
	at play.runsupport.Reloader.reload(Reloader.scala:412)
	at play.core.server.DevServerStart$$anon$1.get(DevServerStart.scala:123)
	at play.core.server.AkkaHttpServer.handleRequest(AkkaHttpServer.scala:241)
	at play.core.server.AkkaHttpServer.$anonfun$createServerBinding$1(AkkaHttpServer.scala:138)
	at akka.stream.impl.fusing.MapAsyncUnordered$$anon$26.onPush(Ops.scala:1304)
	at akka.stream.impl.fusing.GraphInterpreter.processPush(GraphInterpreter.scala:519)
	at akka.stream.impl.fusing.GraphInterpreter.processEvent(GraphInterpreter.scala:482)
	at akka.stream.impl.fusing.GraphInterpreter.execute(GraphInterpreter.scala:378)
	at akka.stream.impl.fusing.GraphInterpreterShell.runBatch(ActorGraphInterpreter.scala:588)
	at akka.stream.impl.fusing.GraphInterpreterShell$AsyncInput.execute(ActorGraphInterpreter.scala:472)
	at akka.stream.impl.fusing.GraphInterpreterShell.processEvent(ActorGraphInterpreter.scala:563)
	at akka.stream.impl.fusing.ActorGraphInterpreter.akka$stream$impl$fusing$ActorGraphInterpreter$$processEvent(ActorGraphInterpreter.scala:745)
	at akka.stream.impl.fusing.ActorGraphInterpreter$$anonfun$receive$1.applyOrElse(ActorGraphInterpreter.scala:760)
	at akka.actor.Actor.aroundReceive(Actor.scala:517)
	at akka.actor.Actor.aroundReceive$(Actor.scala:515)
	at akka.stream.impl.fusing.ActorGraphInterpreter.aroundReceive(ActorGraphInterpreter.scala:670)
	at akka.actor.ActorCell.receiveMessage(ActorCell.scala:588)
	at akka.actor.ActorCell.invoke(ActorCell.scala:557)
	at akka.dispatch.Mailbox.processMailbox(Mailbox.scala:258)
	at akka.dispatch.Mailbox.run(Mailbox.scala:225)
	at akka.dispatch.Mailbox.exec(Mailbox.scala:235)
	at akka.dispatch.forkjoin.ForkJoinTask.doExec(ForkJoinTask.java:260)
	at akka.dispatch.forkjoin.ForkJoinPool$WorkQueue.runTask(ForkJoinPool.java:1339)
	at akka.dispatch.forkjoin.ForkJoinPool.runWorker(ForkJoinPool.java:1979)
	at akka.dispatch.forkjoin.ForkJoinWorkerThread.run(ForkJoinWorkerThread.java:107)
2019-03-27 09:23:07,452 [INFO] from application in application-akka.actor.default-dispatcher-9 - ApplicationTimer demo: Stopping application at 2019-03-27T09:23:07.452Z after 990s.
2019-03-27 09:23:07,455 [INFO] from application in application-akka.actor.default-dispatcher-9 - Shutting down connection pool.
2019-03-27 09:23:08,126 [INFO] from play.api.db.DefaultDBApi in play-dev-mode-akka.actor.default-dispatcher-23 - Database [default] initialized at jdbc:h2:file:./data/productsDB
2019-03-27 09:23:08,128 [INFO] from application in play-dev-mode-akka.actor.default-dispatcher-23 - Creating Pool for datasource 'default'
2019-03-27 09:23:08,351 [WARN] from io.ebeaninternal.server.deploy.parse.DeployCreateProperties in play-dev-mode-akka.actor.default-dispatcher-23 - Huh??? property models.Apartment.id being defined twice but replaced property was not transient? This is not expected?
2019-03-27 09:23:08,372 [WARN] from io.ebeaninternal.server.deploy.BeanDescriptorManager in play-dev-mode-akka.actor.default-dispatcher-23 - Bean [models.rent.RentDue] has no unique id set
2019-03-27 09:23:08,455 [INFO] from application in play-dev-mode-akka.actor.default-dispatcher-23 - ApplicationTimer demo: Starting application at 2019-03-27T09:23:08.455Z
2019-03-27 09:23:08,532 [WARN] from org.hibernate.validator.messageinterpolation.ParameterMessageInterpolator in play-dev-mode-akka.actor.default-dispatcher-23 - HV000184: ParameterMessageInterpolator has been chosen, EL interpolation will not be supported
2019-03-27 09:23:08,781 [INFO] from play.api.http.EnabledFilters in play-dev-mode-akka.actor.default-dispatcher-23 - Enabled Filters (see <https://www.playframework.com/documentation/latest/Filters>):

    play.filters.csrf.CSRFFilter
    play.filters.headers.SecurityHeadersFilter
    play.filters.hosts.AllowedHostsFilter
    filters.ExampleFilter

2019-03-27 09:23:08,782 [INFO] from play.api.Play in play-dev-mode-akka.actor.default-dispatcher-23 - Application started (Dev)
2019-03-27 09:28:26,655 [INFO] from application in application-akka.actor.default-dispatcher-12 - ApplicationTimer demo: Stopping application at 2019-03-27T09:28:26.655Z after 318s.
2019-03-27 09:28:26,660 [INFO] from application in application-akka.actor.default-dispatcher-12 - Shutting down connection pool.
2019-03-27 09:28:27,233 [INFO] from play.api.db.DefaultDBApi in play-dev-mode-akka.actor.default-dispatcher-30 - Database [default] initialized at jdbc:h2:file:./data/productsDB
2019-03-27 09:28:27,242 [INFO] from application in play-dev-mode-akka.actor.default-dispatcher-30 - Creating Pool for datasource 'default'
2019-03-27 09:28:27,468 [WARN] from io.ebeaninternal.server.deploy.parse.DeployCreateProperties in play-dev-mode-akka.actor.default-dispatcher-30 - Huh??? property models.Apartment.id being defined twice but replaced property was not transient? This is not expected?
2019-03-27 09:28:27,487 [WARN] from io.ebeaninternal.server.deploy.BeanDescriptorManager in play-dev-mode-akka.actor.default-dispatcher-30 - Bean [models.rent.RentDue] has no unique id set
2019-03-27 09:28:27,589 [INFO] from application in play-dev-mode-akka.actor.default-dispatcher-30 - ApplicationTimer demo: Starting application at 2019-03-27T09:28:27.589Z
2019-03-27 09:28:27,677 [ERROR] from application in play-dev-mode-akka.actor.default-dispatcher-30 - 

! @7bbbnf16d - Internal server error, for (GET) [/] ->
 
play.api.db.evolutions.InvalidDatabaseRevision: Database 'default' needs evolution![An SQL script need to be run on your database.]
	at play.api.db.evolutions.ApplicationEvolutions.$anonfun$runEvolutions$1(ApplicationEvolutions.scala:78)
	at play.api.db.evolutions.ApplicationEvolutions.withLock(ApplicationEvolutions.scala:100)
	at play.api.db.evolutions.ApplicationEvolutions.runEvolutions(ApplicationEvolutions.scala:49)
	at play.api.db.evolutions.ApplicationEvolutions.$anonfun$start$1(ApplicationEvolutions.scala:42)
	at play.api.db.evolutions.ApplicationEvolutions.$anonfun$start$1$adapted(ApplicationEvolutions.scala:42)
	at scala.collection.immutable.List.foreach(List.scala:389)
	at play.api.db.evolutions.ApplicationEvolutions.start(ApplicationEvolutions.scala:42)
	at play.api.db.evolutions.ApplicationEvolutions.<init>(ApplicationEvolutions.scala:151)
	at play.api.db.evolutions.ApplicationEvolutionsProvider.get$lzycompute(EvolutionsModule.scala:50)
	at play.api.db.evolutions.ApplicationEvolutionsProvider.get(EvolutionsModule.scala:49)
	at play.api.db.evolutions.ApplicationEvolutionsProvider.get(EvolutionsModule.scala:40)
	at com.google.inject.internal.ProviderInternalFactory.provision(ProviderInternalFactory.java:81)
	at com.google.inject.internal.BoundProviderFactory.provision(BoundProviderFactory.java:72)
	at com.google.inject.internal.ProviderInternalFactory.circularGet(ProviderInternalFactory.java:61)
	at com.google.inject.internal.BoundProviderFactory.get(BoundProviderFactory.java:62)
	at com.google.inject.internal.ProviderToInternalFactoryAdapter$1.call(ProviderToInternalFactoryAdapter.java:46)
	at com.google.inject.internal.InjectorImpl.callInContext(InjectorImpl.java:1092)
	at com.google.inject.internal.ProviderToInternalFactoryAdapter.get(ProviderToInternalFactoryAdapter.java:40)
	at com.google.inject.internal.SingletonScope$1.get(SingletonScope.java:194)
	at com.google.inject.internal.InternalFactoryToProviderAdapter.get(InternalFactoryToProviderAdapter.java:41)
	at com.google.inject.internal.InternalInjectorCreator$1.call(InternalInjectorCreator.java:205)
	at com.google.inject.internal.InternalInjectorCreator$1.call(InternalInjectorCreator.java:199)
	at com.google.inject.internal.InjectorImpl.callInContext(InjectorImpl.java:1085)
	at com.google.inject.internal.InternalInjectorCreator.loadEagerSingletons(InternalInjectorCreator.java:199)
	at com.google.inject.internal.InternalInjectorCreator.injectDynamically(InternalInjectorCreator.java:180)
	at com.google.inject.internal.InternalInjectorCreator.build(InternalInjectorCreator.java:110)
	at com.google.inject.Guice.createInjector(Guice.java:99)
	at com.google.inject.Guice.createInjector(Guice.java:84)
	at play.api.inject.guice.GuiceBuilder.injector(GuiceInjectorBuilder.scala:185)
	at play.api.inject.guice.GuiceApplicationBuilder.build(GuiceApplicationBuilder.scala:137)
	at play.api.inject.guice.GuiceApplicationLoader.load(GuiceApplicationLoader.scala:21)
	at play.core.server.DevServerStart$$anon$1.$anonfun$reload$3(DevServerStart.scala:174)
	at play.utils.Threads$.withContextClassLoader(Threads.scala:21)
	at play.core.server.DevServerStart$$anon$1.reload(DevServerStart.scala:171)
	at play.core.server.DevServerStart$$anon$1.get(DevServerStart.scala:124)
	at play.core.server.AkkaHttpServer.handleRequest(AkkaHttpServer.scala:241)
	at play.core.server.AkkaHttpServer.$anonfun$createServerBinding$1(AkkaHttpServer.scala:138)
	at akka.stream.impl.fusing.MapAsyncUnordered$$anon$26.onPush(Ops.scala:1304)
	at akka.stream.impl.fusing.GraphInterpreter.processPush(GraphInterpreter.scala:519)
	at akka.stream.impl.fusing.GraphInterpreter.processEvent(GraphInterpreter.scala:482)
	at akka.stream.impl.fusing.GraphInterpreter.execute(GraphInterpreter.scala:378)
	at akka.stream.impl.fusing.GraphInterpreterShell.runBatch(ActorGraphInterpreter.scala:588)
	at akka.stream.impl.fusing.GraphInterpreterShell$AsyncInput.execute(ActorGraphInterpreter.scala:472)
	at akka.stream.impl.fusing.GraphInterpreterShell.processEvent(ActorGraphInterpreter.scala:563)
	at akka.stream.impl.fusing.ActorGraphInterpreter.akka$stream$impl$fusing$ActorGraphInterpreter$$processEvent(ActorGraphInterpreter.scala:745)
	at akka.stream.impl.fusing.ActorGraphInterpreter$$anonfun$receive$1.applyOrElse(ActorGraphInterpreter.scala:760)
	at akka.actor.Actor.aroundReceive(Actor.scala:517)
	at akka.actor.Actor.aroundReceive$(Actor.scala:515)
	at akka.stream.impl.fusing.ActorGraphInterpreter.aroundReceive(ActorGraphInterpreter.scala:670)
	at akka.actor.ActorCell.receiveMessage(ActorCell.scala:588)
	at akka.actor.ActorCell.invoke(ActorCell.scala:557)
	at akka.dispatch.Mailbox.processMailbox(Mailbox.scala:258)
	at akka.dispatch.Mailbox.run(Mailbox.scala:225)
	at akka.dispatch.Mailbox.exec(Mailbox.scala:235)
	at akka.dispatch.forkjoin.ForkJoinTask.doExec(ForkJoinTask.java:260)
	at akka.dispatch.forkjoin.ForkJoinPool$WorkQueue.runTask(ForkJoinPool.java:1339)
	at akka.dispatch.forkjoin.ForkJoinPool.runWorker(ForkJoinPool.java:1979)
	at akka.dispatch.forkjoin.ForkJoinWorkerThread.run(ForkJoinWorkerThread.java:107)
2019-03-27 09:28:33,107 [ERROR] from play.api.db.evolutions.DefaultEvolutionsApi in play-dev-mode-akka.actor.default-dispatcher-35 - Unique index or primary key violation: "PRIMARY KEY ON PUBLIC.ADDRESS(ID)"; SQL statement:
insert into address (id, street1, street2, town, post_code) values (1, '12 Cornwood', 'Springfield', 'Tallaht', 'D24X23') [23505-197] [ERROR:23505, SQLSTATE:23505]
2019-03-27 09:28:33,112 [ERROR] from application in play-dev-mode-akka.actor.default-dispatcher-35 - 

! @7bbbnf9be - Internal server error, for (GET) [/@evolutions/apply/default?redirect=http%3A%2F%2Flocalhost%3A9000%2F] ->
 
play.api.db.evolutions.InconsistentDatabase: Database 'default' is in an inconsistent state![An evolution has not been applied properly. Please check the problem and resolve it manually before marking it as resolved.]
	at play.api.db.evolutions.DatabaseEvolutions.$anonfun$checkEvolutionsState$3(EvolutionsApi.scala:293)
	at play.api.db.evolutions.DatabaseEvolutions.$anonfun$checkEvolutionsState$3$adapted(EvolutionsApi.scala:278)
	at play.api.db.evolutions.DatabaseEvolutions.executeQuery(EvolutionsApi.scala:325)
	at play.api.db.evolutions.DatabaseEvolutions.checkEvolutionsState(EvolutionsApi.scala:278)
	at play.api.db.evolutions.DatabaseEvolutions.evolve(EvolutionsApi.scala:247)
	at play.api.db.evolutions.DefaultEvolutionsApi.evolve(EvolutionsApi.scala:97)
	at play.api.db.evolutions.EvolutionsWebCommands.handleWebCommand(ApplicationEvolutions.scala:366)
	at play.core.DefaultWebCommands.$anonfun$handleWebCommand$1(WebCommands.scala:40)
	at scala.collection.immutable.Stream.flatMap(Stream.scala:486)
	at play.core.DefaultWebCommands.handleWebCommand(WebCommands.scala:40)
	at play.core.server.DevServerStart$$anon$1.$anonfun$handleWebCommand$1(DevServerStart.scala:134)
	at scala.Option.flatMap(Option.scala:171)
	at play.core.server.DevServerStart$$anon$1.handleWebCommand(DevServerStart.scala:134)
	at play.core.server.AkkaHttpServer$$anon$4.handleWebCommand(AkkaHttpServer.scala:282)
	at play.core.server.Server$.getHandlerFor(Server.scala:115)
	at play.core.server.AkkaHttpServer.getHandler(AkkaHttpServer.scala:285)
	at play.core.server.AkkaHttpServer.handleRequest(AkkaHttpServer.scala:256)
	at play.core.server.AkkaHttpServer.$anonfun$createServerBinding$1(AkkaHttpServer.scala:138)
	at akka.stream.impl.fusing.MapAsyncUnordered$$anon$26.onPush(Ops.scala:1304)
	at akka.stream.impl.fusing.GraphInterpreter.processPush(GraphInterpreter.scala:519)
	at akka.stream.impl.fusing.GraphInterpreter.processEvent(GraphInterpreter.scala:482)
	at akka.stream.impl.fusing.GraphInterpreter.execute(GraphInterpreter.scala:378)
	at akka.stream.impl.fusing.GraphInterpreterShell.runBatch(ActorGraphInterpreter.scala:588)
	at akka.stream.impl.fusing.GraphInterpreterShell$AsyncInput.execute(ActorGraphInterpreter.scala:472)
	at akka.stream.impl.fusing.GraphInterpreterShell.processEvent(ActorGraphInterpreter.scala:563)
	at akka.stream.impl.fusing.ActorGraphInterpreter.akka$stream$impl$fusing$ActorGraphInterpreter$$processEvent(ActorGraphInterpreter.scala:745)
	at akka.stream.impl.fusing.ActorGraphInterpreter$$anonfun$receive$1.applyOrElse(ActorGraphInterpreter.scala:760)
	at akka.actor.Actor.aroundReceive(Actor.scala:517)
	at akka.actor.Actor.aroundReceive$(Actor.scala:515)
	at akka.stream.impl.fusing.ActorGraphInterpreter.aroundReceive(ActorGraphInterpreter.scala:670)
	at akka.actor.ActorCell.receiveMessage(ActorCell.scala:588)
	at akka.actor.ActorCell.invoke(ActorCell.scala:557)
	at akka.dispatch.Mailbox.processMailbox(Mailbox.scala:258)
	at akka.dispatch.Mailbox.run(Mailbox.scala:225)
	at akka.dispatch.Mailbox.exec(Mailbox.scala:235)
	at akka.dispatch.forkjoin.ForkJoinTask.doExec(ForkJoinTask.java:260)
	at akka.dispatch.forkjoin.ForkJoinPool$WorkQueue.runTask(ForkJoinPool.java:1339)
	at akka.dispatch.forkjoin.ForkJoinPool.runWorker(ForkJoinPool.java:1979)
	at akka.dispatch.forkjoin.ForkJoinWorkerThread.run(ForkJoinWorkerThread.java:107)
2019-03-27 09:29:10,924 [INFO] from application in play-dev-mode-akka.actor.default-dispatcher-35 - ApplicationTimer demo: Stopping application at 2019-03-27T09:29:10.924Z after 43s.
2019-03-27 09:29:10,929 [INFO] from application in play-dev-mode-akka.actor.default-dispatcher-35 - Shutting down connection pool.
2019-03-27 09:29:11,534 [INFO] from play.api.db.DefaultDBApi in play-dev-mode-akka.actor.default-dispatcher-35 - Database [default] initialized at jdbc:h2:file:./data/productsDB
2019-03-27 09:29:11,535 [INFO] from application in play-dev-mode-akka.actor.default-dispatcher-35 - Creating Pool for datasource 'default'
2019-03-27 09:29:11,782 [WARN] from io.ebeaninternal.server.deploy.parse.DeployCreateProperties in play-dev-mode-akka.actor.default-dispatcher-35 - Huh??? property models.Apartment.id being defined twice but replaced property was not transient? This is not expected?
2019-03-27 09:29:11,822 [WARN] from io.ebeaninternal.server.deploy.BeanDescriptorManager in play-dev-mode-akka.actor.default-dispatcher-35 - Bean [models.rent.RentDue] has no unique id set
2019-03-27 09:29:11,950 [ERROR] from play.api.db.evolutions.DefaultEvolutionsApi in play-dev-mode-akka.actor.default-dispatcher-35 - Unique index or primary key violation: "PRIMARY KEY ON PUBLIC.ADDRESS(ID)"; SQL statement:
insert into address (id, street1, street2, town, post_code) values (1, '12 Cornwood', 'Springfield', 'Tallaht', 'D24X23') [23505-197] [ERROR:23505, SQLSTATE:23505]
2019-03-27 09:29:11,965 [INFO] from application in play-dev-mode-akka.actor.default-dispatcher-35 - ApplicationTimer demo: Starting application at 2019-03-27T09:29:11.965Z
2019-03-27 09:29:17,755 [INFO] from application in play-dev-mode-akka.actor.default-dispatcher-30 - ApplicationTimer demo: Stopping application at 2019-03-27T09:29:17.755Z after 6s.
2019-03-27 09:29:17,765 [INFO] from application in play-dev-mode-akka.actor.default-dispatcher-30 - Shutting down connection pool.
2019-03-27 09:29:18,492 [INFO] from play.api.db.DefaultDBApi in play-dev-mode-akka.actor.default-dispatcher-30 - Database [default] initialized at jdbc:h2:file:./data/productsDB
2019-03-27 09:29:18,494 [INFO] from application in play-dev-mode-akka.actor.default-dispatcher-30 - Creating Pool for datasource 'default'
2019-03-27 09:29:18,710 [WARN] from io.ebeaninternal.server.deploy.parse.DeployCreateProperties in play-dev-mode-akka.actor.default-dispatcher-30 - Huh??? property models.Apartment.id being defined twice but replaced property was not transient? This is not expected?
2019-03-27 09:29:18,732 [WARN] from io.ebeaninternal.server.deploy.BeanDescriptorManager in play-dev-mode-akka.actor.default-dispatcher-30 - Bean [models.rent.RentDue] has no unique id set
2019-03-27 09:29:18,812 [INFO] from application in play-dev-mode-akka.actor.default-dispatcher-30 - ApplicationTimer demo: Starting application at 2019-03-27T09:29:18.812Z
2019-03-27 09:29:26,502 [INFO] from application in play-dev-mode-akka.actor.default-dispatcher-34 - ApplicationTimer demo: Stopping application at 2019-03-27T09:29:26.502Z after 8s.
2019-03-27 09:29:26,508 [INFO] from application in play-dev-mode-akka.actor.default-dispatcher-34 - Shutting down connection pool.
2019-03-27 09:29:27,224 [INFO] from play.api.db.DefaultDBApi in play-dev-mode-akka.actor.default-dispatcher-34 - Database [default] initialized at jdbc:h2:file:./data/productsDB
2019-03-27 09:29:27,232 [INFO] from application in play-dev-mode-akka.actor.default-dispatcher-34 - Creating Pool for datasource 'default'
2019-03-27 09:29:27,469 [WARN] from io.ebeaninternal.server.deploy.parse.DeployCreateProperties in play-dev-mode-akka.actor.default-dispatcher-34 - Huh??? property models.Apartment.id being defined twice but replaced property was not transient? This is not expected?
2019-03-27 09:29:27,490 [WARN] from io.ebeaninternal.server.deploy.BeanDescriptorManager in play-dev-mode-akka.actor.default-dispatcher-34 - Bean [models.rent.RentDue] has no unique id set
2019-03-27 09:29:27,562 [INFO] from application in play-dev-mode-akka.actor.default-dispatcher-34 - ApplicationTimer demo: Starting application at 2019-03-27T09:29:27.561Z
2019-03-27 09:29:27,624 [WARN] from org.hibernate.validator.messageinterpolation.ParameterMessageInterpolator in play-dev-mode-akka.actor.default-dispatcher-34 - HV000184: ParameterMessageInterpolator has been chosen, EL interpolation will not be supported
2019-03-27 09:29:27,849 [INFO] from play.api.http.EnabledFilters in play-dev-mode-akka.actor.default-dispatcher-34 - Enabled Filters (see <https://www.playframework.com/documentation/latest/Filters>):

    play.filters.csrf.CSRFFilter
    play.filters.headers.SecurityHeadersFilter
    play.filters.hosts.AllowedHostsFilter
    filters.ExampleFilter

2019-03-27 09:29:27,851 [INFO] from play.api.Play in play-dev-mode-akka.actor.default-dispatcher-34 - Application started (Dev)
2019-03-27 09:40:14,954 [INFO] from application in application-akka.actor.default-dispatcher-14 - ApplicationTimer demo: Stopping application at 2019-03-27T09:40:14.954Z after 647s.
2019-03-27 09:40:14,957 [INFO] from application in application-akka.actor.default-dispatcher-14 - Shutting down connection pool.
2019-03-27 09:40:15,461 [INFO] from play.api.db.DefaultDBApi in play-dev-mode-akka.actor.default-dispatcher-42 - Database [default] initialized at jdbc:h2:file:./data/productsDB
2019-03-27 09:40:15,464 [INFO] from application in play-dev-mode-akka.actor.default-dispatcher-42 - Creating Pool for datasource 'default'
2019-03-27 09:40:15,614 [WARN] from io.ebeaninternal.server.deploy.parse.DeployCreateProperties in play-dev-mode-akka.actor.default-dispatcher-42 - Huh??? property models.Apartment.id being defined twice but replaced property was not transient? This is not expected?
2019-03-27 09:40:15,627 [WARN] from io.ebeaninternal.server.deploy.BeanDescriptorManager in play-dev-mode-akka.actor.default-dispatcher-42 - Bean [models.rent.RentDue] has no unique id set
2019-03-27 09:40:15,685 [INFO] from application in play-dev-mode-akka.actor.default-dispatcher-42 - ApplicationTimer demo: Starting application at 2019-03-27T09:40:15.685Z
2019-03-27 09:40:15,770 [ERROR] from application in play-dev-mode-akka.actor.default-dispatcher-42 - 

! @7bbbp38je - Internal server error, for (GET) [/database] ->
 
play.api.db.evolutions.InvalidDatabaseRevision: Database 'default' needs evolution![An SQL script need to be run on your database.]
	at play.api.db.evolutions.ApplicationEvolutions.$anonfun$runEvolutions$1(ApplicationEvolutions.scala:78)
	at play.api.db.evolutions.ApplicationEvolutions.withLock(ApplicationEvolutions.scala:100)
	at play.api.db.evolutions.ApplicationEvolutions.runEvolutions(ApplicationEvolutions.scala:49)
	at play.api.db.evolutions.ApplicationEvolutions.$anonfun$start$1(ApplicationEvolutions.scala:42)
	at play.api.db.evolutions.ApplicationEvolutions.$anonfun$start$1$adapted(ApplicationEvolutions.scala:42)
	at scala.collection.immutable.List.foreach(List.scala:389)
	at play.api.db.evolutions.ApplicationEvolutions.start(ApplicationEvolutions.scala:42)
	at play.api.db.evolutions.ApplicationEvolutions.<init>(ApplicationEvolutions.scala:151)
	at play.api.db.evolutions.ApplicationEvolutionsProvider.get$lzycompute(EvolutionsModule.scala:50)
	at play.api.db.evolutions.ApplicationEvolutionsProvider.get(EvolutionsModule.scala:49)
	at play.api.db.evolutions.ApplicationEvolutionsProvider.get(EvolutionsModule.scala:40)
	at com.google.inject.internal.ProviderInternalFactory.provision(ProviderInternalFactory.java:81)
	at com.google.inject.internal.BoundProviderFactory.provision(BoundProviderFactory.java:72)
	at com.google.inject.internal.ProviderInternalFactory.circularGet(ProviderInternalFactory.java:61)
	at com.google.inject.internal.BoundProviderFactory.get(BoundProviderFactory.java:62)
	at com.google.inject.internal.ProviderToInternalFactoryAdapter$1.call(ProviderToInternalFactoryAdapter.java:46)
	at com.google.inject.internal.InjectorImpl.callInContext(InjectorImpl.java:1092)
	at com.google.inject.internal.ProviderToInternalFactoryAdapter.get(ProviderToInternalFactoryAdapter.java:40)
	at com.google.inject.internal.SingletonScope$1.get(SingletonScope.java:194)
	at com.google.inject.internal.InternalFactoryToProviderAdapter.get(InternalFactoryToProviderAdapter.java:41)
	at com.google.inject.internal.InternalInjectorCreator$1.call(InternalInjectorCreator.java:205)
	at com.google.inject.internal.InternalInjectorCreator$1.call(InternalInjectorCreator.java:199)
	at com.google.inject.internal.InjectorImpl.callInContext(InjectorImpl.java:1085)
	at com.google.inject.internal.InternalInjectorCreator.loadEagerSingletons(InternalInjectorCreator.java:199)
	at com.google.inject.internal.InternalInjectorCreator.injectDynamically(InternalInjectorCreator.java:180)
	at com.google.inject.internal.InternalInjectorCreator.build(InternalInjectorCreator.java:110)
	at com.google.inject.Guice.createInjector(Guice.java:99)
	at com.google.inject.Guice.createInjector(Guice.java:84)
	at play.api.inject.guice.GuiceBuilder.injector(GuiceInjectorBuilder.scala:185)
	at play.api.inject.guice.GuiceApplicationBuilder.build(GuiceApplicationBuilder.scala:137)
	at play.api.inject.guice.GuiceApplicationLoader.load(GuiceApplicationLoader.scala:21)
	at play.core.server.DevServerStart$$anon$1.$anonfun$reload$3(DevServerStart.scala:174)
	at play.utils.Threads$.withContextClassLoader(Threads.scala:21)
	at play.core.server.DevServerStart$$anon$1.reload(DevServerStart.scala:171)
	at play.core.server.DevServerStart$$anon$1.get(DevServerStart.scala:124)
	at play.core.server.AkkaHttpServer.handleRequest(AkkaHttpServer.scala:241)
	at play.core.server.AkkaHttpServer.$anonfun$createServerBinding$1(AkkaHttpServer.scala:138)
	at akka.stream.impl.fusing.MapAsyncUnordered$$anon$26.onPush(Ops.scala:1304)
	at akka.stream.impl.fusing.GraphInterpreter.processPush(GraphInterpreter.scala:519)
	at akka.stream.impl.fusing.GraphInterpreter.processEvent(GraphInterpreter.scala:482)
	at akka.stream.impl.fusing.GraphInterpreter.execute(GraphInterpreter.scala:378)
	at akka.stream.impl.fusing.GraphInterpreterShell.runBatch(ActorGraphInterpreter.scala:588)
	at akka.stream.impl.fusing.GraphInterpreterShell$AsyncInput.execute(ActorGraphInterpreter.scala:472)
	at akka.stream.impl.fusing.GraphInterpreterShell.processEvent(ActorGraphInterpreter.scala:563)
	at akka.stream.impl.fusing.ActorGraphInterpreter.akka$stream$impl$fusing$ActorGraphInterpreter$$processEvent(ActorGraphInterpreter.scala:745)
	at akka.stream.impl.fusing.ActorGraphInterpreter$$anonfun$receive$1.applyOrElse(ActorGraphInterpreter.scala:760)
	at akka.actor.Actor.aroundReceive(Actor.scala:517)
	at akka.actor.Actor.aroundReceive$(Actor.scala:515)
	at akka.stream.impl.fusing.ActorGraphInterpreter.aroundReceive(ActorGraphInterpreter.scala:670)
	at akka.actor.ActorCell.receiveMessage(ActorCell.scala:588)
	at akka.actor.ActorCell.invoke(ActorCell.scala:557)
	at akka.dispatch.Mailbox.processMailbox(Mailbox.scala:258)
	at akka.dispatch.Mailbox.run(Mailbox.scala:225)
	at akka.dispatch.Mailbox.exec(Mailbox.scala:235)
	at akka.dispatch.forkjoin.ForkJoinTask.doExec(ForkJoinTask.java:260)
	at akka.dispatch.forkjoin.ForkJoinPool$WorkQueue.runTask(ForkJoinPool.java:1339)
	at akka.dispatch.forkjoin.ForkJoinPool.runWorker(ForkJoinPool.java:1979)
	at akka.dispatch.forkjoin.ForkJoinWorkerThread.run(ForkJoinWorkerThread.java:107)
2019-03-27 09:44:39,698 [INFO] from application in play-dev-mode-akka.actor.default-dispatcher-46 - ApplicationTimer demo: Stopping application at 2019-03-27T09:44:39.698Z after 264s.
2019-03-27 09:44:39,699 [INFO] from application in play-dev-mode-akka.actor.default-dispatcher-46 - Shutting down connection pool.
2019-03-27 09:44:40,069 [INFO] from play.api.db.DefaultDBApi in play-dev-mode-akka.actor.default-dispatcher-46 - Database [default] initialized at jdbc:h2:file:./data/productsDB
2019-03-27 09:44:40,072 [INFO] from application in play-dev-mode-akka.actor.default-dispatcher-46 - Creating Pool for datasource 'default'
2019-03-27 09:44:40,278 [WARN] from io.ebeaninternal.server.deploy.parse.DeployCreateProperties in play-dev-mode-akka.actor.default-dispatcher-46 - Huh??? property models.Apartment.id being defined twice but replaced property was not transient? This is not expected?
2019-03-27 09:44:40,304 [WARN] from io.ebeaninternal.server.deploy.BeanDescriptorManager in play-dev-mode-akka.actor.default-dispatcher-46 - Bean [models.rent.RentDue] has no unique id set
2019-03-27 09:44:40,383 [INFO] from application in play-dev-mode-akka.actor.default-dispatcher-46 - ApplicationTimer demo: Starting application at 2019-03-27T09:44:40.383Z
2019-03-27 09:44:40,454 [WARN] from org.hibernate.validator.messageinterpolation.ParameterMessageInterpolator in play-dev-mode-akka.actor.default-dispatcher-46 - HV000184: ParameterMessageInterpolator has been chosen, EL interpolation will not be supported
2019-03-27 09:44:40,678 [INFO] from play.api.http.EnabledFilters in play-dev-mode-akka.actor.default-dispatcher-46 - Enabled Filters (see <https://www.playframework.com/documentation/latest/Filters>):

    play.filters.csrf.CSRFFilter
    play.filters.headers.SecurityHeadersFilter
    play.filters.hosts.AllowedHostsFilter
    filters.ExampleFilter

2019-03-27 09:44:40,679 [INFO] from play.api.Play in play-dev-mode-akka.actor.default-dispatcher-46 - Application started (Dev)
2019-03-27 09:45:40,839 [INFO] from application in application-akka.actor.default-dispatcher-9 - ApplicationTimer demo: Stopping application at 2019-03-27T09:45:40.839Z after 60s.
2019-03-27 09:45:40,840 [INFO] from application in application-akka.actor.default-dispatcher-9 - Shutting down connection pool.
2019-03-27 09:45:41,373 [INFO] from play.api.db.DefaultDBApi in play-dev-mode-akka.actor.default-dispatcher-48 - Database [default] initialized at jdbc:h2:file:./data/productsDB
2019-03-27 09:45:41,374 [INFO] from application in play-dev-mode-akka.actor.default-dispatcher-48 - Creating Pool for datasource 'default'
2019-03-27 09:45:41,780 [WARN] from io.ebeaninternal.server.deploy.parse.DeployCreateProperties in play-dev-mode-akka.actor.default-dispatcher-48 - Huh??? property models.Apartment.id being defined twice but replaced property was not transient? This is not expected?
2019-03-27 09:45:41,807 [WARN] from io.ebeaninternal.server.deploy.BeanDescriptorManager in play-dev-mode-akka.actor.default-dispatcher-48 - Bean [models.rent.RentDue] has no unique id set
2019-03-27 09:45:41,979 [INFO] from application in play-dev-mode-akka.actor.default-dispatcher-48 - ApplicationTimer demo: Starting application at 2019-03-27T09:45:41.975Z
2019-03-27 09:45:42,059 [WARN] from org.hibernate.validator.messageinterpolation.ParameterMessageInterpolator in play-dev-mode-akka.actor.default-dispatcher-48 - HV000184: ParameterMessageInterpolator has been chosen, EL interpolation will not be supported
2019-03-27 09:45:42,446 [INFO] from play.api.http.EnabledFilters in play-dev-mode-akka.actor.default-dispatcher-48 - Enabled Filters (see <https://www.playframework.com/documentation/latest/Filters>):

    play.filters.csrf.CSRFFilter
    play.filters.headers.SecurityHeadersFilter
    play.filters.hosts.AllowedHostsFilter
    filters.ExampleFilter

2019-03-27 09:45:42,447 [INFO] from play.api.Play in play-dev-mode-akka.actor.default-dispatcher-48 - Application started (Dev)
2019-03-27 09:46:12,509 [INFO] from application in application-akka.actor.default-dispatcher-10 - ApplicationTimer demo: Stopping application at 2019-03-27T09:46:12.508Z after 31s.
2019-03-27 09:46:12,513 [INFO] from application in application-akka.actor.default-dispatcher-10 - Shutting down connection pool.
2019-03-27 09:46:13,012 [INFO] from play.api.db.DefaultDBApi in play-dev-mode-akka.actor.default-dispatcher-47 - Database [default] initialized at jdbc:h2:file:./data/productsDB
2019-03-27 09:46:13,013 [INFO] from application in play-dev-mode-akka.actor.default-dispatcher-47 - Creating Pool for datasource 'default'
2019-03-27 09:46:13,159 [WARN] from io.ebeaninternal.server.deploy.parse.DeployCreateProperties in play-dev-mode-akka.actor.default-dispatcher-47 - Huh??? property models.Apartment.id being defined twice but replaced property was not transient? This is not expected?
2019-03-27 09:46:13,166 [WARN] from io.ebeaninternal.server.deploy.BeanDescriptorManager in play-dev-mode-akka.actor.default-dispatcher-47 - Bean [models.rent.RentDue] has no unique id set
2019-03-27 09:46:13,246 [INFO] from application in play-dev-mode-akka.actor.default-dispatcher-47 - ApplicationTimer demo: Starting application at 2019-03-27T09:46:13.246Z
2019-03-27 09:46:13,281 [WARN] from org.hibernate.validator.messageinterpolation.ParameterMessageInterpolator in play-dev-mode-akka.actor.default-dispatcher-47 - HV000184: ParameterMessageInterpolator has been chosen, EL interpolation will not be supported
2019-03-27 09:46:13,485 [INFO] from play.api.http.EnabledFilters in play-dev-mode-akka.actor.default-dispatcher-47 - Enabled Filters (see <https://www.playframework.com/documentation/latest/Filters>):

    play.filters.csrf.CSRFFilter
    play.filters.headers.SecurityHeadersFilter
    play.filters.hosts.AllowedHostsFilter
    filters.ExampleFilter

2019-03-27 09:46:13,486 [INFO] from play.api.Play in play-dev-mode-akka.actor.default-dispatcher-47 - Application started (Dev)
2019-03-27 09:46:58,373 [INFO] from application in application-akka.actor.default-dispatcher-12 - ApplicationTimer demo: Stopping application at 2019-03-27T09:46:58.373Z after 45s.
2019-03-27 09:46:58,375 [INFO] from application in application-akka.actor.default-dispatcher-12 - Shutting down connection pool.
2019-03-27 09:46:58,771 [INFO] from play.api.db.DefaultDBApi in play-dev-mode-akka.actor.default-dispatcher-43 - Database [default] initialized at jdbc:h2:file:./data/productsDB
2019-03-27 09:46:58,774 [INFO] from application in play-dev-mode-akka.actor.default-dispatcher-43 - Creating Pool for datasource 'default'
2019-03-27 09:46:58,953 [WARN] from io.ebeaninternal.server.deploy.parse.DeployCreateProperties in play-dev-mode-akka.actor.default-dispatcher-43 - Huh??? property models.Apartment.id being defined twice but replaced property was not transient? This is not expected?
2019-03-27 09:46:58,969 [WARN] from io.ebeaninternal.server.deploy.BeanDescriptorManager in play-dev-mode-akka.actor.default-dispatcher-43 - Bean [models.rent.RentDue] has no unique id set
2019-03-27 09:46:59,024 [INFO] from application in play-dev-mode-akka.actor.default-dispatcher-43 - ApplicationTimer demo: Starting application at 2019-03-27T09:46:59.024Z
2019-03-27 09:46:59,084 [WARN] from org.hibernate.validator.messageinterpolation.ParameterMessageInterpolator in play-dev-mode-akka.actor.default-dispatcher-43 - HV000184: ParameterMessageInterpolator has been chosen, EL interpolation will not be supported
2019-03-27 09:46:59,259 [INFO] from play.api.http.EnabledFilters in play-dev-mode-akka.actor.default-dispatcher-43 - Enabled Filters (see <https://www.playframework.com/documentation/latest/Filters>):

    play.filters.csrf.CSRFFilter
    play.filters.headers.SecurityHeadersFilter
    play.filters.hosts.AllowedHostsFilter
    filters.ExampleFilter

2019-03-27 09:46:59,264 [INFO] from play.api.Play in play-dev-mode-akka.actor.default-dispatcher-43 - Application started (Dev)
2019-03-27 09:48:20,847 [INFO] from application in application-akka.actor.default-dispatcher-10 - ApplicationTimer demo: Stopping application at 2019-03-27T09:48:20.847Z after 81s.
2019-03-27 09:48:20,848 [INFO] from application in application-akka.actor.default-dispatcher-10 - Shutting down connection pool.
2019-03-27 09:48:21,379 [INFO] from play.api.db.DefaultDBApi in play-dev-mode-akka.actor.default-dispatcher-44 - Database [default] initialized at jdbc:h2:file:./data/productsDB
2019-03-27 09:48:21,380 [INFO] from application in play-dev-mode-akka.actor.default-dispatcher-44 - Creating Pool for datasource 'default'
2019-03-27 09:48:21,498 [WARN] from io.ebeaninternal.server.deploy.parse.DeployCreateProperties in play-dev-mode-akka.actor.default-dispatcher-44 - Huh??? property models.Apartment.id being defined twice but replaced property was not transient? This is not expected?
2019-03-27 09:48:21,506 [WARN] from io.ebeaninternal.server.deploy.BeanDescriptorManager in play-dev-mode-akka.actor.default-dispatcher-44 - Bean [models.rent.RentDue] has no unique id set
2019-03-27 09:48:21,572 [INFO] from application in play-dev-mode-akka.actor.default-dispatcher-44 - ApplicationTimer demo: Starting application at 2019-03-27T09:48:21.572Z
2019-03-27 09:48:21,615 [WARN] from org.hibernate.validator.messageinterpolation.ParameterMessageInterpolator in play-dev-mode-akka.actor.default-dispatcher-44 - HV000184: ParameterMessageInterpolator has been chosen, EL interpolation will not be supported
2019-03-27 09:48:21,769 [INFO] from play.api.http.EnabledFilters in play-dev-mode-akka.actor.default-dispatcher-44 - Enabled Filters (see <https://www.playframework.com/documentation/latest/Filters>):

    play.filters.csrf.CSRFFilter
    play.filters.headers.SecurityHeadersFilter
    play.filters.hosts.AllowedHostsFilter
    filters.ExampleFilter

2019-03-27 09:48:21,771 [INFO] from play.api.Play in play-dev-mode-akka.actor.default-dispatcher-44 - Application started (Dev)
2019-03-27 09:48:58,424 [INFO] from application in application-akka.actor.default-dispatcher-8 - ApplicationTimer demo: Stopping application at 2019-03-27T09:48:58.424Z after 37s.
2019-03-27 09:48:58,425 [INFO] from application in application-akka.actor.default-dispatcher-8 - Shutting down connection pool.
2019-03-27 09:48:58,896 [INFO] from play.api.db.DefaultDBApi in play-dev-mode-akka.actor.default-dispatcher-44 - Database [default] initialized at jdbc:h2:file:./data/productsDB
2019-03-27 09:48:58,897 [INFO] from application in play-dev-mode-akka.actor.default-dispatcher-44 - Creating Pool for datasource 'default'
2019-03-27 09:48:59,026 [WARN] from io.ebeaninternal.server.deploy.parse.DeployCreateProperties in play-dev-mode-akka.actor.default-dispatcher-44 - Huh??? property models.Apartment.id being defined twice but replaced property was not transient? This is not expected?
2019-03-27 09:48:59,041 [WARN] from io.ebeaninternal.server.deploy.BeanDescriptorManager in play-dev-mode-akka.actor.default-dispatcher-44 - Bean [models.rent.RentDue] has no unique id set
2019-03-27 09:48:59,117 [INFO] from application in play-dev-mode-akka.actor.default-dispatcher-44 - ApplicationTimer demo: Starting application at 2019-03-27T09:48:59.117Z
2019-03-27 09:48:59,182 [WARN] from org.hibernate.validator.messageinterpolation.ParameterMessageInterpolator in play-dev-mode-akka.actor.default-dispatcher-44 - HV000184: ParameterMessageInterpolator has been chosen, EL interpolation will not be supported
2019-03-27 09:48:59,367 [INFO] from play.api.http.EnabledFilters in play-dev-mode-akka.actor.default-dispatcher-44 - Enabled Filters (see <https://www.playframework.com/documentation/latest/Filters>):

    play.filters.csrf.CSRFFilter
    play.filters.headers.SecurityHeadersFilter
    play.filters.hosts.AllowedHostsFilter
    filters.ExampleFilter

2019-03-27 09:48:59,370 [INFO] from play.api.Play in play-dev-mode-akka.actor.default-dispatcher-44 - Application started (Dev)
2019-03-27 09:51:38,401 [INFO] from application in application-akka.actor.default-dispatcher-9 - ApplicationTimer demo: Stopping application at 2019-03-27T09:51:38.401Z after 159s.
2019-03-27 09:51:38,402 [INFO] from application in application-akka.actor.default-dispatcher-9 - Shutting down connection pool.
2019-03-27 09:51:38,803 [INFO] from play.api.db.DefaultDBApi in play-dev-mode-akka.actor.default-dispatcher-55 - Database [default] initialized at jdbc:h2:file:./data/productsDB
2019-03-27 09:51:38,804 [INFO] from application in play-dev-mode-akka.actor.default-dispatcher-55 - Creating Pool for datasource 'default'
2019-03-27 09:51:38,981 [WARN] from io.ebeaninternal.server.deploy.parse.DeployCreateProperties in play-dev-mode-akka.actor.default-dispatcher-55 - Huh??? property models.Apartment.id being defined twice but replaced property was not transient? This is not expected?
2019-03-27 09:51:38,992 [WARN] from io.ebeaninternal.server.deploy.BeanDescriptorManager in play-dev-mode-akka.actor.default-dispatcher-55 - Bean [models.rent.RentDue] has no unique id set
2019-03-27 09:51:39,130 [INFO] from application in play-dev-mode-akka.actor.default-dispatcher-55 - ApplicationTimer demo: Starting application at 2019-03-27T09:51:39.129Z
2019-03-27 09:51:39,255 [WARN] from org.hibernate.validator.messageinterpolation.ParameterMessageInterpolator in play-dev-mode-akka.actor.default-dispatcher-55 - HV000184: ParameterMessageInterpolator has been chosen, EL interpolation will not be supported
2019-03-27 09:51:39,478 [INFO] from play.api.http.EnabledFilters in play-dev-mode-akka.actor.default-dispatcher-55 - Enabled Filters (see <https://www.playframework.com/documentation/latest/Filters>):

    play.filters.csrf.CSRFFilter
    play.filters.headers.SecurityHeadersFilter
    play.filters.hosts.AllowedHostsFilter
    filters.ExampleFilter

2019-03-27 09:51:39,487 [INFO] from play.api.Play in play-dev-mode-akka.actor.default-dispatcher-55 - Application started (Dev)
2019-03-27 09:52:07,628 [INFO] from application in application-akka.actor.default-dispatcher-11 - ApplicationTimer demo: Stopping application at 2019-03-27T09:52:07.628Z after 28s.
2019-03-27 09:52:07,629 [INFO] from application in application-akka.actor.default-dispatcher-11 - Shutting down connection pool.
2019-03-27 09:52:08,051 [INFO] from play.api.db.DefaultDBApi in play-dev-mode-akka.actor.default-dispatcher-54 - Database [default] initialized at jdbc:h2:file:./data/productsDB
2019-03-27 09:52:08,051 [INFO] from application in play-dev-mode-akka.actor.default-dispatcher-54 - Creating Pool for datasource 'default'
2019-03-27 09:52:08,170 [WARN] from io.ebeaninternal.server.deploy.parse.DeployCreateProperties in play-dev-mode-akka.actor.default-dispatcher-54 - Huh??? property models.Apartment.id being defined twice but replaced property was not transient? This is not expected?
2019-03-27 09:52:08,185 [WARN] from io.ebeaninternal.server.deploy.BeanDescriptorManager in play-dev-mode-akka.actor.default-dispatcher-54 - Bean [models.rent.RentDue] has no unique id set
2019-03-27 09:52:08,276 [INFO] from application in play-dev-mode-akka.actor.default-dispatcher-54 - ApplicationTimer demo: Starting application at 2019-03-27T09:52:08.273Z
2019-03-27 09:52:08,320 [WARN] from org.hibernate.validator.messageinterpolation.ParameterMessageInterpolator in play-dev-mode-akka.actor.default-dispatcher-54 - HV000184: ParameterMessageInterpolator has been chosen, EL interpolation will not be supported
2019-03-27 09:52:08,506 [INFO] from play.api.http.EnabledFilters in play-dev-mode-akka.actor.default-dispatcher-54 - Enabled Filters (see <https://www.playframework.com/documentation/latest/Filters>):

    play.filters.csrf.CSRFFilter
    play.filters.headers.SecurityHeadersFilter
    play.filters.hosts.AllowedHostsFilter
    filters.ExampleFilter

2019-03-27 09:52:08,506 [INFO] from play.api.Play in play-dev-mode-akka.actor.default-dispatcher-54 - Application started (Dev)
2019-03-27 09:52:25,076 [INFO] from play.core.server.AkkaHttpServer in pool-5-thread-4 - Stopping server...
2019-03-27 09:52:25,102 [INFO] from application in application-akka.actor.default-dispatcher-5 - ApplicationTimer demo: Stopping application at 2019-03-27T09:52:25.102Z after 17s.
2019-03-27 09:52:25,103 [INFO] from application in application-akka.actor.default-dispatcher-5 - Shutting down connection pool.
